2023-08-22T12:57:28+02:00	INFO	main	script basic
2023-08-22T12:57:57+02:00	INFO	main	script basic
2023-08-22T12:57:57+02:00	INFO	main	Start spamming with rate: 50, time unit: 1s, and spamming type: blk.
2023-08-22T12:57:57+02:00	INFO	Spammer	Start spamming transactions with 50 rate
2023-08-22T12:57:59+02:00	DEBUG	Spammer	Last sent block, ID: 0x038fde33b595eb37148ad31d1c59a7b3c8e5c1f98692a023480f6ff3676c1cba0b00000000000000; blkCount: 100
2023-08-22T12:58:01+02:00	DEBUG	Spammer	Last sent block, ID: 0x581f270df155a2389f5176d7102c249546fcefa3218ca6c98790b3d0dd5276500b00000000000000; blkCount: 200
2023-08-22T12:58:03+02:00	DEBUG	Spammer	Last sent block, ID: 0x4d6ba47ae5264c7cb6af06e5489cae87c5259923866e928c546ac68b881ee3690c00000000000000; blkCount: 300
2023-08-22T12:58:05+02:00	DEBUG	Spammer	Last sent block, ID: 0x9f613651bc5e1726aa0de90ede8843cb913e7f689f3f42df99e0e4f5f206ed0c0c00000000000000; blkCount: 400
2023-08-22T12:58:07+02:00	DEBUG	Spammer	Last sent block, ID: 0x4a4f77c0bb64f7ea321f46a6746b8a47408a9f455eed9d691819fc385530e1ae0c00000000000000; blkCount: 500
2023-08-22T12:58:09+02:00	DEBUG	Spammer	Last sent block, ID: 0xd7b12163b5fc6866805911cd09743cd8fcf824c25a3d692b34a6e59f25a553260c00000000000000; blkCount: 600
2023-08-22T12:58:11+02:00	DEBUG	Spammer	Last sent block, ID: 0x6bc1fcdf3b49ace2f22ba5532d55fb0ba57026b5bef2ec70d758844b31ee14160c00000000000000; blkCount: 700
2023-08-22T12:58:13+02:00	DEBUG	Spammer	Last sent block, ID: 0xd1e53bbf829c70bdf70b7649ae6de7b6cfb26992487b44813c34696a54887dba0d00000000000000; blkCount: 800
2023-08-22T12:58:15+02:00	DEBUG	Spammer	Last sent block, ID: 0x095ad5be3c60f933f576a7012f32cc808095315b606e78b0e1e01bb4a3be49660d00000000000000; blkCount: 900
2023-08-22T12:58:17+02:00	DEBUG	Spammer	Last sent block, ID: 0x7b7a7b29c50eb430c7195916dfcafdf1c50ee9b74fb5c869f3bbadf5b66c09960d00000000000000; blkCount: 1000
2023-08-22T12:58:19+02:00	DEBUG	Spammer	Last sent block, ID: 0x391735e660e4ac09df9932688d0492535c62a4045ead9ac525d9ae5f86ac655a0d00000000000000; blkCount: 1100
2023-08-22T12:58:21+02:00	DEBUG	Spammer	Last sent block, ID: 0x3d446e6519983bb3ff6967c86bfb14bf695da43ad189e868deb3dc12195878600d00000000000000; blkCount: 1200
2023-08-22T12:58:23+02:00	DEBUG	Spammer	Last sent block, ID: 0xbd3a87f40ef5d987d9f30c19c6728242f56999249adf645850d4d10d074890350e00000000000000; blkCount: 1300
2023-08-22T12:58:25+02:00	DEBUG	Spammer	Last sent block, ID: 0x374512f1dfe4f5ff31bcf72a4e9036e0246ffd3b44dc534eb1bf87acca3d67de0e00000000000000; blkCount: 1400
2023-08-22T12:58:27+02:00	INFO	Spammer	Blocks issued so far: 1497, errors encountered: 0
2023-08-22T12:58:27+02:00	DEBUG	Spammer	Last sent block, ID: 0x3473bf9eb8b04f565879a6c7fb091a3d73e09e110af7c2d68478501300ad229c0e00000000000000; blkCount: 1500
2023-08-22T12:58:29+02:00	DEBUG	Spammer	Last sent block, ID: 0x627c14f01657c67601b140a8f157b26ed40f30ec055f237e2258a31c0359bc9c0e00000000000000; blkCount: 1600
2023-08-22T12:58:31+02:00	DEBUG	Spammer	Last sent block, ID: 0x4dba3ab6f8025e9629b212e3d9edd4967d6f761bdc264abb15048baefa577d6b0e00000000000000; blkCount: 1700
2023-08-22T12:58:33+02:00	DEBUG	Spammer	Last sent block, ID: 0x60e31ed2737ff545bd09a9593111b3be17613613178b066a00872e8539c1e9fd0f00000000000000; blkCount: 1800
2023-08-22T12:58:35+02:00	DEBUG	Spammer	Last sent block, ID: 0xdb6da90c1eac3ce53f085734b8b0e3a863d24f66258d9128ddb883911fb8f77c0f00000000000000; blkCount: 1900
2023-08-22T12:58:37+02:00	DEBUG	Spammer	Last sent block, ID: 0xb2ea9c50467a897a08bb07d5758afa2033c6ec028da04194ae1507a431c8ea320f00000000000000; blkCount: 2000
2023-08-22T12:58:39+02:00	DEBUG	Spammer	Last sent block, ID: 0xe452fb56386b2c2ecec9d95c07f9717ce64c68b45ec084801421f7fea3282fc40f00000000000000; blkCount: 2100
2023-08-22T12:58:41+02:00	DEBUG	Spammer	Last sent block, ID: 0x5a542c7c6cc5eb3ebcb2e1e6c8e5bded4c986310d7942e0ee9ba180befc872010f00000000000000; blkCount: 2200
2023-08-22T12:58:43+02:00	DEBUG	Spammer	Last sent block, ID: 0x03ea628b29ec60057b0ca10419fa2463d9246b73bfe0381cdb63e88e97e62bc01000000000000000; blkCount: 2300
2023-08-22T12:58:45+02:00	DEBUG	Spammer	Last sent block, ID: 0x84da431409a82198a809c94c9b26bd5ccf411ce60c6b8d4fe687cab1c4650aeb1000000000000000; blkCount: 2400
2023-08-22T12:58:47+02:00	DEBUG	Spammer	Last sent block, ID: 0x04fd13cad6cd54be7ffc8e8699d8f4ca20b71beed218a4ce795137797839b7f11000000000000000; blkCount: 2500
2023-08-22T12:58:49+02:00	DEBUG	Spammer	Last sent block, ID: 0xa5e79321d2f7ad779d65219ddd99d73804262db4f63ed4f4b28d48a442fc99321000000000000000; blkCount: 2600
2023-08-22T12:58:51+02:00	DEBUG	Spammer	Last sent block, ID: 0x28cf7e42c0e3b6a9e9183f08670f80769a94b2c47e816bd3ba002d3ae6a720991000000000000000; blkCount: 2700
2023-08-22T12:58:53+02:00	DEBUG	Spammer	Last sent block, ID: 0x9484f3879e5206d1b94849e6d56581f043c333ec96f549015b51cbce675eaf041100000000000000; blkCount: 2800
2023-08-22T12:58:55+02:00	DEBUG	Spammer	Last sent block, ID: 0x87adf4ee8179dbaff787a8c259d81f2710a47afa40b38908acaccad10e4827e21100000000000000; blkCount: 2900
2023-08-22T12:58:57+02:00	INFO	Spammer	Blocks issued so far: 2998, errors encountered: 0
2023-08-22T12:58:57+02:00	DEBUG	Spammer	Last sent block, ID: 0xb2a3793334fd8fc7aaf3e9ed378d3313f0311ac89dc43303f6e643b64580e54f1100000000000000; blkCount: 3000
2023-08-22T12:58:59+02:00	DEBUG	Spammer	Last sent block, ID: 0x4a21e097631832b64021a237e30371a720ad2ba99b9c466a2b532b3939c462261100000000000000; blkCount: 3100
2023-08-22T12:59:01+02:00	DEBUG	Spammer	Last sent block, ID: 0x15bcf02b9296108f46bc5843bf89a39ad667c32c30bc4e1b557606a2bd9a86761100000000000000; blkCount: 3200
2023-08-22T12:59:03+02:00	DEBUG	Spammer	Last sent block, ID: 0x9ba8092361455c0e648f7ac1853b2fc3b326a955736239088d9a7bb55fcfadc21200000000000000; blkCount: 3300
2023-08-22T12:59:05+02:00	DEBUG	Spammer	Last sent block, ID: 0x0214efbf409bc75696e9e2f7580e6e85d9d93a599a49e1a1269b725a07007de01200000000000000; blkCount: 3400
2023-08-22T12:59:07+02:00	DEBUG	Spammer	Last sent block, ID: 0x54c0eb18720eb7b20a1c8b95059a4f697de46d233d88fb000ca623707d8b369f1200000000000000; blkCount: 3500
2023-08-22T12:59:09+02:00	DEBUG	Spammer	Last sent block, ID: 0xdc06e60ad327994ce73e586d7d0c766611c8b708bd98fa384af9f00b3d48103b1200000000000000; blkCount: 3600
2023-08-22T12:59:11+02:00	DEBUG	Spammer	Last sent block, ID: 0x61c47ac220cd5a7af6f2181edd503f15555e3e9127ab2baa9a2aa8eae6d061261200000000000000; blkCount: 3700
2023-08-22T12:59:13+02:00	DEBUG	Spammer	Last sent block, ID: 0xdd0ca64c3b35febaa2960613f4ce6a4c5be2736c62a0611f132982d5c1ec8dbe1300000000000000; blkCount: 3800
2023-08-22T12:59:15+02:00	DEBUG	Spammer	Last sent block, ID: 0x7c6136a0352b6d0088197405145b9b437e07aa192199bb6a6a0b63b9e3f6b9901300000000000000; blkCount: 3900
2023-08-22T12:59:17+02:00	DEBUG	Spammer	Last sent block, ID: 0x68e32a9226c10667d698879fd5c53b37f2d5eb6b0fd85cc139ef236f5f09b1c01300000000000000; blkCount: 4000
2023-08-22T12:59:19+02:00	DEBUG	Spammer	Last sent block, ID: 0x8d6fb677ee6818b677fbb7c6b5dfb45563fce721037163b70159f165047dbd1d1300000000000000; blkCount: 4100
2023-08-22T12:59:21+02:00	DEBUG	Spammer	Last sent block, ID: 0xfc6f55fe482e227d69e060bc1f192e6a78b139c03b50ade2268e559ca648a92d1300000000000000; blkCount: 4200
2023-08-22T12:59:23+02:00	DEBUG	Spammer	Last sent block, ID: 0x09c8a4142a8897aa7245a54799ae6b8ed597b8ee83fb78b9d24ed4067967850d1400000000000000; blkCount: 4300
2023-08-22T12:59:25+02:00	DEBUG	Spammer	Last sent block, ID: 0x990c9c01715fba5bf101d0e0a54affc1e312dae8e6be0e104e5555a2948673761400000000000000; blkCount: 4400
2023-08-22T12:59:27+02:00	INFO	Spammer	Blocks issued so far: 4498, errors encountered: 0
2023-08-22T12:59:27+02:00	DEBUG	Spammer	Last sent block, ID: 0xf1fc9c635c417063d77a8bc8ba77209cd7e4e21fdd6d421d0a45871d0b8767621400000000000000; blkCount: 4500
2023-08-22T12:59:29+02:00	DEBUG	Spammer	Last sent block, ID: 0x395947f8ac9b5cf1797e18ad56b0f18211db8fa670f22b7c52a2c83454d902bb1400000000000000; blkCount: 4600
2023-08-22T12:59:31+02:00	DEBUG	Spammer	Last sent block, ID: 0x2d005f35ac3bb8059867e06957ed2e3efd8d5ea1060b3872a19f15b4b392aaad1400000000000000; blkCount: 4700
2023-08-22T12:59:33+02:00	DEBUG	Spammer	Last sent block, ID: 0xb831ef0af7bd491a2cb3be968542f757881cd798de7930fb9426b9ca25e23fcb1500000000000000; blkCount: 4800
2023-08-22T12:59:35+02:00	DEBUG	Spammer	Last sent block, ID: 0x74979a3e9d11df89e674b60331433e3bdd1f746bd4cf7c0f57e8a3b94037d42f1500000000000000; blkCount: 4900
2023-08-22T22:55:33+02:00	INFO	main	script basic
2023-08-22T22:55:33+02:00	INFO	main	Start spamming with rate: 50, time unit: 1s, and spamming type: blk.
2023-08-22T22:55:33+02:00	INFO	Spammer	Start spamming transactions with 50 rate
2023-08-22T22:55:35+02:00	DEBUG	Spammer	Last sent block, ID: 0x5a7baf9bd75205b8b2873ca1141eb3afa8b10d8466557d484e19365f18a1ec5c0a00000000000000; blkCount: 100
2023-08-22T22:55:37+02:00	DEBUG	Spammer	Last sent block, ID: 0x43bcf83d0264242523c32dd7df259d963c68cc60ec298c53cdae7d579b21f9cb0a00000000000000; blkCount: 200
2023-08-22T22:55:39+02:00	DEBUG	Spammer	Last sent block, ID: 0x31ddef7ba54ab8220fb2fce6cc32adf5728b53e03313be77e812f3004ebe4eb20a00000000000000; blkCount: 300
2023-08-22T22:55:41+02:00	DEBUG	Spammer	Last sent block, ID: 0x656d18570480de55ea274ac987f078cc178d1e3149c327278811f7489fd523f40a00000000000000; blkCount: 400
2023-08-22T22:55:43+02:00	DEBUG	Spammer	Last sent block, ID: 0x02db8075d14915d4761e45b0facb23abf875d0235bd43a0e96ca708c62e901fa0b00000000000000; blkCount: 500
2023-08-22T22:55:45+02:00	DEBUG	Spammer	Last sent block, ID: 0x9b2750b6d93353bf934d85c602915167effc05d44888276c797fc0def6ab95420b00000000000000; blkCount: 600
2023-08-22T22:55:47+02:00	DEBUG	Spammer	Last sent block, ID: 0x9c014b3adabbbaf3880cd7b3d2c69c65676a61826cf02ec92c3d468e6ccc59740b00000000000000; blkCount: 700
2023-08-22T22:55:49+02:00	DEBUG	Spammer	Last sent block, ID: 0xf207d56fed1a5c15b21d90885f8d976487678487190fad6c0ad68c8ef1094de10b00000000000000; blkCount: 800
2023-08-22T22:55:51+02:00	DEBUG	Spammer	Last sent block, ID: 0xa1cfe5bce31cd1c45ead4fa92dc18f539be0488a0d9906cc8f2c0b725e4249f10b00000000000000; blkCount: 900
2023-08-22T22:55:53+02:00	DEBUG	Spammer	Last sent block, ID: 0x03ba56c5a16dbd60ccc26dd11a0f1ca845df0e75f72bf81407675d5af331b9920c00000000000000; blkCount: 1000
2023-08-22T22:55:55+02:00	DEBUG	Spammer	Last sent block, ID: 0xd2d8dd0d98544d5830467036499fae3a9df1bc83d3fb562ba157fdb0ab46245e0c00000000000000; blkCount: 1100
2023-08-22T22:55:57+02:00	DEBUG	Spammer	Last sent block, ID: 0x01fa45d339eb69e8f9e90f57ae36dd3a284985089dbe80b5b2646ff2e0d2fd5f0c00000000000000; blkCount: 1200
2023-08-22T22:55:59+02:00	DEBUG	Spammer	Last sent block, ID: 0x587746afab9aa4bcc49b282ff50a27211c550172c108a2f908fdf9a60da073d90c00000000000000; blkCount: 1300
2023-08-22T22:56:01+02:00	DEBUG	Spammer	Last sent block, ID: 0xc22baff7a9df2feb63e0ce035b00f7e45186cfea996288bbfce6e8dce0fd0dcf0c00000000000000; blkCount: 1400
2023-08-22T22:56:03+02:00	INFO	Spammer	Blocks issued so far: 1499, errors encountered: 0
2023-08-22T22:56:03+02:00	DEBUG	Spammer	Last sent block, ID: 0x1005fd0a8d8febd82749f3b5094b871d72b8502e1e69dfb7c5bc47b7a482ca4e0d00000000000000; blkCount: 1500
2023-08-22T22:56:05+02:00	DEBUG	Spammer	Last sent block, ID: 0x050a1ab385a20b17b58ff4539db37f75ea896edc8c4eacbc63ac9434c042d8e30d00000000000000; blkCount: 1600
2023-08-22T22:56:07+02:00	DEBUG	Spammer	Last sent block, ID: 0x43b998d9db511493a5853ede42dc8b348d43494c664bf473bc3a5f11cf4e39030d00000000000000; blkCount: 1700
2023-08-22T22:56:09+02:00	DEBUG	Spammer	Last sent block, ID: 0x6034baab001073612506794a2be8b001962a5b21b8ef893257fe52697c69b9470d00000000000000; blkCount: 1800
2023-08-22T22:56:11+02:00	DEBUG	Spammer	Last sent block, ID: 0xb218e94b0323f43f5f80772f8491d1142fa51e5fae50145a2fb1e40cd441ad7d0d00000000000000; blkCount: 1900
2023-08-22T22:56:13+02:00	DEBUG	Spammer	Last sent block, ID: 0x50466d10d8c2a866d0b1fef5dddf7912b6853cc64b29149d79550a7832cbe3fe0e00000000000000; blkCount: 2000
2023-08-22T22:56:15+02:00	DEBUG	Spammer	Last sent block, ID: 0xc41230d51a43c2d13c72037a1812e16da9ae4dcaeb9ccf902f74e946b1019b920e00000000000000; blkCount: 2100
2023-08-22T22:56:17+02:00	DEBUG	Spammer	Last sent block, ID: 0xec37e5c09ef4d577cc851b6d45266fb5dd94780bef9052925cb584ab8d0b0a860e00000000000000; blkCount: 2200
2023-08-22T22:56:19+02:00	DEBUG	Spammer	Last sent block, ID: 0xd6b78110cd87a1004a145d5dce943436188aca3e8899738cd4778c950827d2fd0e00000000000000; blkCount: 2300
2023-08-22T22:56:21+02:00	DEBUG	Spammer	Last sent block, ID: 0x9d0e565ced4644d70d7ddd6bad38adcea1237808f66fd71b417f0e41784decf30e00000000000000; blkCount: 2400
2023-08-22T22:56:23+02:00	DEBUG	Spammer	Last sent block, ID: 0xf94bb3279f53755a768733e10115f009136e60f11bee11ceb56a5d8bfcda1a550f00000000000000; blkCount: 2500
2023-08-22T22:56:25+02:00	DEBUG	Spammer	Last sent block, ID: 0xf6f8923f17cb68f87f284d15c9ec3bac565f3482e82dda3a0b8cf4c472eb07060f00000000000000; blkCount: 2600
2023-08-22T22:56:27+02:00	DEBUG	Spammer	Last sent block, ID: 0x5991df150383d4304430329f3d264d479c263afad0495f1bf296b14ceb21fd6b0f00000000000000; blkCount: 2700
2023-08-22T22:56:29+02:00	DEBUG	Spammer	Last sent block, ID: 0x5cbaedd89f30d955e25d54f48df977ed31c7e2264d1f5b99fc14c10c947f71ac0f00000000000000; blkCount: 2800
2023-08-22T22:56:31+02:00	DEBUG	Spammer	Last sent block, ID: 0x4a751575603aeba93f5a04360c943e779ef11b78692ba842e0574257bb8687000f00000000000000; blkCount: 2900
2023-08-22T22:56:33+02:00	INFO	Spammer	Blocks issued so far: 2999, errors encountered: 0
2023-08-22T22:56:33+02:00	DEBUG	Spammer	Last sent block, ID: 0xa10ee45295acab9c6e928348a6e6afe2c3f867b6714b37270c848f49f74fedc31000000000000000; blkCount: 3000
2023-08-22T22:56:35+02:00	DEBUG	Spammer	Last sent block, ID: 0x4c4741afff8bd104ad526ead89664e58fba60042576cdd594f1c9126219a9b1e1000000000000000; blkCount: 3100
2023-08-22T22:56:37+02:00	DEBUG	Spammer	Last sent block, ID: 0x1e60b338c64db6482f9b595e676afe5cd69933ed4862ce7418790e7a47d608931000000000000000; blkCount: 3200
2023-08-22T22:56:39+02:00	DEBUG	Spammer	Last sent block, ID: 0x829a5ebec21bedbd31934c097f97477453439b734e71ed77a4f5d18a2a037d1a1000000000000000; blkCount: 3300
2023-08-22T22:56:41+02:00	DEBUG	Spammer	Last sent block, ID: 0x8411be55c6438d87780a21596ab0cfc8278ff90852e8be760bfe0875c5083e1c1000000000000000; blkCount: 3400
2023-08-22T22:56:43+02:00	DEBUG	Spammer	Last sent block, ID: 0x10e0b7f5c12969e8a35af1d71aeae72e3577093c3ada1012b7c83884e4b427781100000000000000; blkCount: 3500
2023-08-22T22:56:45+02:00	DEBUG	Spammer	Last sent block, ID: 0xa020e41f09cd80e00973d01aa1271ab1de98a480c11d5a517b99a3fa9c7279d71100000000000000; blkCount: 3600
2023-08-22T22:56:47+02:00	DEBUG	Spammer	Last sent block, ID: 0xee22265c46efe359c9a0506347e49e04698436d8e1854243c1878c29577d8fce1100000000000000; blkCount: 3700
2023-08-22T22:56:49+02:00	DEBUG	Spammer	Last sent block, ID: 0x0ed13ffd5d651ec68a136465b2c5bfb2e7a685a9563515e9a0dac38279c2c4001100000000000000; blkCount: 3800
2023-08-22T22:56:51+02:00	DEBUG	Spammer	Last sent block, ID: 0xf388b930e7effd3294c86aafdac9aca7a2700b43fbdf3cf89a37b8d049cfa00d1100000000000000; blkCount: 3900
2023-08-22T22:56:53+02:00	DEBUG	Spammer	Last sent block, ID: 0xe06627df683ec16a3010f9218c21538f67161312a828c9feb7d18be9cb8579cc1200000000000000; blkCount: 4000
2023-08-22T22:56:55+02:00	DEBUG	Spammer	Last sent block, ID: 0x976ff7f1f1595e644c29a2f9501e233af0199dd94531970daf815e844fe929c91200000000000000; blkCount: 4100
2023-08-22T22:56:57+02:00	DEBUG	Spammer	Last sent block, ID: 0x2a4a8803a2c6dfe53f7ccd79e978ca882b92ebff4657b10bc2d057c7b1308e201200000000000000; blkCount: 4200
2023-08-22T22:56:59+02:00	DEBUG	Spammer	Last sent block, ID: 0xfe1c47b1d2616078fce1b519e710fdee994a850f396707595c7706cd39bba7fd1200000000000000; blkCount: 4300
2023-08-22T22:57:01+02:00	DEBUG	Spammer	Last sent block, ID: 0x8b82935b9414ea0f69186d998e99bb2114cf7a4f9601fb09c416065b3e8773c61200000000000000; blkCount: 4400
2023-08-22T22:57:03+02:00	INFO	Spammer	Blocks issued so far: 4499, errors encountered: 0
2023-08-22T22:57:03+02:00	DEBUG	Spammer	Last sent block, ID: 0x8820d341a4c792348f10d740828a210a25e39f98318c189fa901132550bb04551300000000000000; blkCount: 4500
2023-08-22T22:57:05+02:00	DEBUG	Spammer	Last sent block, ID: 0xb7fe431dc0ae00ffa188d8ac2a9daab7cd1111587d1d6cdb92dae32c0ca0d3521300000000000000; blkCount: 4600
2023-08-22T22:57:07+02:00	DEBUG	Spammer	Last sent block, ID: 0x5c3e36356f0830ec3b15545d4b7f7517a241913c185c4ac8bbca3c22917f4a3c1300000000000000; blkCount: 4700
2023-08-22T22:57:09+02:00	DEBUG	Spammer	Last sent block, ID: 0xf122b547fa15ba118045465c004051257e3deed8343e692a6f4b409511c9b64f1300000000000000; blkCount: 4800
2023-08-22T22:57:11+02:00	DEBUG	Spammer	Last sent block, ID: 0x205d6a3fddeba1bcc7a8bfd24d4964a1b1f35fe3ede093db2ef2584e9e692fbd1300000000000000; blkCount: 4900
2023-08-22T22:57:13+02:00	DEBUG	Spammer	Last sent block, ID: 0xeda2ce5ce9013e651521632c68c0700ecfc4db3410d05035071886b950c065b01400000000000000; blkCount: 5000
2023-08-22T22:57:15+02:00	DEBUG	Spammer	Last sent block, ID: 0xac0d991bcabefd6685c4a558d910e54bcb46002b57863f21a9844293867c9f111400000000000000; blkCount: 5100
2023-08-22T22:57:17+02:00	DEBUG	Spammer	Last sent block, ID: 0xaff2f1476b447e2f80a28e94587b716ccdb3916017670c396f417ea70236d03a1400000000000000; blkCount: 5200
2023-08-22T22:57:19+02:00	DEBUG	Spammer	Last sent block, ID: 0x31681b506adf32a228195f06fe93b70fb02026aee2375da26f8c7db56d9ad23a1400000000000000; blkCount: 5300
2023-08-22T22:57:21+02:00	DEBUG	Spammer	Last sent block, ID: 0xff098db0afbdf705da9efd37fc8cd70555561084d7d3be8f3a615d71cf2934af1400000000000000; blkCount: 5400
2023-08-22T22:57:23+02:00	DEBUG	Spammer	Last sent block, ID: 0xd8783a468e367e6996a39dfe6fd9113b576a55c1c63df3221d5da3ddb71e1b9d1500000000000000; blkCount: 5500
2023-08-22T22:57:25+02:00	DEBUG	Spammer	Last sent block, ID: 0xe78c9ee3b38aaf26ddde90b0370542bedc7d8b5ff2ed8ae54844fa894c57aaf11500000000000000; blkCount: 5600
2023-08-22T22:57:27+02:00	DEBUG	Spammer	Last sent block, ID: 0x482a46771f665468033d30c15634e96a253d4e5919637ea0421eecfd3c4c61c71500000000000000; blkCount: 5700
2023-08-22T22:57:29+02:00	DEBUG	Spammer	Last sent block, ID: 0xe00fcc9c6df8b5a0cabd4ce3e56f8615718c248849769ecd5135ef2f6e953f5a1500000000000000; blkCount: 5800
2023-08-22T22:57:31+02:00	DEBUG	Spammer	Last sent block, ID: 0x54a2883de572693288823005f5e2263be547c384dbd6b697ed0e32eca5f0e42f1500000000000000; blkCount: 5900
2023-08-22T22:57:33+02:00	INFO	Spammer	Blocks issued so far: 5999, errors encountered: 0
2023-08-22T22:57:33+02:00	DEBUG	Spammer	Last sent block, ID: 0x1f40ce55a3fb8f03e74ad46a7909527e789cf1a0e1d83fb7c2655bc2910025b01600000000000000; blkCount: 6000
2023-08-22T22:57:35+02:00	DEBUG	Spammer	Last sent block, ID: 0x946a2c5dabc16e2e715ff23f1a3703fb9f3e5ad02d649d906b8bfd245fa28bb11600000000000000; blkCount: 6100
